                                 Or undo this operation with:
                                 git switch -
                                 Turn off this advice by setting config variable advice.detachedHead to false
                                 HEAD is now at a50fc62e Remove postinstall script - genomefeatures now includes dist folder
2025-07-23T00:34:08.239Z [INFO]: Successfully cleaned up Git credentials
2025-07-23T00:34:08.239Z [INFO]: # Checking for Git submodules at: /codebuild/output/src1288263079/src/agr_ui/.gitmodules
2025-07-23T00:34:08.246Z [INFO]: # Retrieving environment cache...
2025-07-23T00:34:08.328Z [WARNING]: ! Unable to write cache: {"code":"ERR_BAD_REQUEST","message":"Request failed with status code 404"})}
2025-07-23T00:34:08.328Z [INFO]: ---- Setting Up SSM Secrets ----
2025-07-23T00:34:08.328Z [INFO]: SSM params {"Path":"/amplify/d1mrdtdifcvuyq/KANBAN-757/","WithDecryption":true}
2025-07-23T00:34:09.093Z [INFO]: # No package override configuration found.
2025-07-23T00:34:09.188Z [INFO]: # Retrieving cache...
2025-07-23T00:34:09.189Z [INFO]: # Retrieved cache
2025-07-23T00:34:11.420Z [INFO]: BackendEnvironment name KANBAN-757 for app d1mrdtdifcvuyq is invalid
2025-07-23T00:34:11.500Z [INFO]: Random environment name barry generated
2025-07-23T00:34:14.190Z [INFO]: ## Starting Backend Build
                                 ## Checking for associated backend environment...
                                 ## No backend environment association found, continuing...
--
2025-07-23T00:36:26.304Z [WARNING]: null
2025-07-23T00:36:26.413Z [INFO]: > agr_ui@0.0.0 robots
                                 > node bin/build_robots.js
2025-07-23T00:36:26.445Z [INFO]: writing to... ./public/robots.txt
2025-07-23T00:36:26.446Z [INFO]: robots.txt file written successfully
2025-07-23T00:36:26.458Z [INFO]: > agr_ui@0.0.0 build
                                 > tsc -b && vite build
2025-07-23T00:36:35.891Z [INFO]: vite v6.3.5 building for production...
2025-07-23T00:36:36.058Z [INFO]: transforming...
2025-07-23T00:36:36.082Z [INFO]: ✓ 2 modules transformed.
2025-07-23T00:36:36.087Z [WARNING]: ✗ Build failed in 66ms
2025-07-23T00:36:36.087Z [WARNING]: error during build:
                                    [vite]: Rollup failed to resolve import "genomefeatures/style.css" from "/codebuild/output/src1288263079/src/agr_ui/src/index.jsx".
                                    This is most likely unintended because it can break your application at runtime.
                                    If you do want to externalize this module explicitly add it to
                                    `build.rollupOptions.external`
                                    at viteLog (file:///codebuild/output/src1288263079/src/agr_ui/node_modules/vite/dist/node/chunks/dep-DBxKXgDP.js:46345:15)
                                    at file:///codebuild/output/src1288263079/src/agr_ui/node_modules/vite/dist/node/chunks/dep-DBxKXgDP.js:46403:18
                                    at onwarn (file:///codebuild/output/src1288263079/src/agr_ui/node_modules/@vitejs/plugin-react/dist/index.mjs:104:9)
                                    at file:///codebuild/output/src1288263079/src/agr_ui/node_modules/vite/dist/node/chunks/dep-DBxKXgDP.js:46401:7
                                    at onRollupLog (file:///codebuild/output/src1288263079/src/agr_ui/node_modules/vite/dist/node/chunks/dep-DBxKXgDP.js:46393:5)
                                    at onLog (file:///codebuild/output/src1288263079/src/agr_ui/node_modules/vite/dist/node/chunks/dep-DBxKXgDP.js:46043:7)
                                    at file:///codebuild/output/src1288263079/src/agr_ui/node_modules/rollup/dist/es/shared/node-entry.js:20806:32
                                    at Object.logger [as onLog] (file:///codebuild/output/src1288263079/src/agr_ui/node_modules/rollup/dist/es/shared/node-entry.js:22686:9)
                                    at ModuleLoader.handleInvalidResolvedId (file:///codebuild/output/src1288263079/src/agr_ui/node_modules/rollup/dist/es/shared/node-entry.js:21432:26)
                                    at file:///codebuild/output/src1288263079/src/agr_ui/node_modules/rollup/dist/es/shared/node-entry.js:21390:26
2025-07-23T00:36:36.103Z [ERROR]: !!! Build failed
2025-07-23T00:36:36.103Z [ERROR]: !!! Error: Command failed with exit code 1
2025-07-23T00:36:36.103Z [INFO]: # Starting environment caching...
2025-07-23T00:36:36.104Z [INFO]: # Environment caching completed

